[1129/143247.856:ERROR:directory_reader_win.cc(43)] FindFirstFile: The system cannot find the path specified. (0x3)
[1129/150112.765:ERROR:directory_reader_win.cc(43)] FindFirstFile: The system cannot find the path specified. (0x3)
[1129/155153.740:ERROR:directory_reader_win.cc(43)] FindFirstFile: The system cannot find the path specified. (0x3)
[1129/162004.802:ERROR:directory_reader_win.cc(43)] FindFirstFile: The system cannot find the path specified. (0x3)
[1129/164425.588:ERROR:directory_reader_win.cc(43)] FindFirstFile: The system cannot find the path specified. (0x3)
[1129/170444.166:ERROR:directory_reader_win.cc(43)] FindFirstFile: The system cannot find the path specified. (0x3)
[1129/174652.797:ERROR:directory_reader_win.cc(43)] FindFirstFile: The system cannot find the path specified. (0x3)
[1129/180611.651:ERROR:process_reader_win.cc(151)] SuspendThread: Access is denied. (0x5)
[1129/180611.652:ERROR:process_reader_win.cc(151)] SuspendThread: Access is denied. (0x5)
[1129/180611.652:ERROR:process_reader_win.cc(151)] SuspendThread: Access is denied. (0x5)
[1129/180611.652:ERROR:process_reader_win.cc(151)] SuspendThread: Access is denied. (0x5)
[1129/180611.652:ERROR:process_reader_win.cc(151)] SuspendThread: Access is denied. (0x5)
[1129/180611.652:ERROR:process_reader_win.cc(151)] SuspendThread: Access is denied. (0x5)
[1129/180611.652:ERROR:process_reader_win.cc(151)] SuspendThread: Access is denied. (0x5)
[1129/180611.652:ERROR:process_reader_win.cc(151)] SuspendThread: Access is denied. (0x5)
[1129/180611.653:ERROR:process_reader_win.cc(151)] SuspendThread: Access is denied. (0x5)
[1129/180611.653:ERROR:process_reader_win.cc(151)] SuspendThread: Access is denied. (0x5)
[1129/180611.653:ERROR:process_reader_win.cc(123)] NtOpenThread: {Access Denied} A process has requested access to an object, but has not been granted those access rights. (0xc0000022)
[1129/180611.653:ERROR:exception_snapshot_win.cc(99)] thread ID 8732 not found in process
[1129/180611.665:ERROR:process_reader_win.cc(151)] SuspendThread: Access is denied. (0x5)
[1129/180611.665:ERROR:process_reader_win.cc(151)] SuspendThread: Access is denied. (0x5)
[1129/180611.665:ERROR:process_reader_win.cc(123)] NtOpenThread: {Access Denied} A process has requested access to an object, but has not been granted those access rights. (0xc0000022)
[1129/180611.665:ERROR:exception_snapshot_win.cc(99)] thread ID 21260 not found in process
[1129/181655.345:ERROR:process_reader_win.cc(151)] SuspendThread: Access is denied. (0x5)
[1129/181655.361:ERROR:process_reader_win.cc(123)] NtOpenThread: {Access Denied} A process has requested access to an object, but has not been granted those access rights. (0xc0000022)
[1129/181655.361:ERROR:exception_snapshot_win.cc(99)] thread ID 16052 not found in process
[1129/181655.377:ERROR:process_reader_win.cc(151)] SuspendThread: Access is denied. (0x5)
[1129/181655.377:ERROR:process_reader_win.cc(151)] SuspendThread: Access is denied. (0x5)
[1129/181655.377:ERROR:process_reader_win.cc(151)] SuspendThread: Access is denied. (0x5)
[1129/181655.377:ERROR:process_reader_win.cc(151)] SuspendThread: Access is denied. (0x5)
[1129/181655.377:ERROR:process_reader_win.cc(123)] NtOpenThread: {Access Denied} A process has requested access to an object, but has not been granted those access rights. (0xc0000022)
[1129/181655.377:ERROR:exception_snapshot_win.cc(99)] thread ID 20064 not found in process
[1129/190357.899:ERROR:directory_reader_win.cc(43)] FindFirstFile: The system cannot find the path specified. (0x3)
[1129/191304.901:ERROR:directory_reader_win.cc(43)] FindFirstFile: The system cannot find the path specified. (0x3)
[1129/192308.381:ERROR:directory_reader_win.cc(43)] FindFirstFile: The system cannot find the path specified. (0x3)
[1129/194632.109:ERROR:directory_reader_win.cc(43)] FindFirstFile: The system cannot find the path specified. (0x3)
[1129/195539.066:ERROR:directory_reader_win.cc(43)] FindFirstFile: The system cannot find the path specified. (0x3)
[1129/201138.439:ERROR:process_reader_win.cc(123)] NtOpenThread: {Access Denied} A process has requested access to an object, but has not been granted those access rights. (0xc0000022)
[1129/201138.481:ERROR:process_reader_win.cc(123)] NtOpenThread: {Access Denied} A process has requested access to an object, but has not been granted those access rights. (0xc0000022)
[1129/201138.487:ERROR:exception_snapshot_win.cc(99)] thread ID 9204 not found in process
[1129/201138.487:ERROR:exception_snapshot_win.cc(99)] thread ID 22804 not found in process
[1129/201138.516:ERROR:process_reader_win.cc(108)] process 5568 not found
[1129/201138.516:ERROR:exception_snapshot_win.cc(99)] thread ID 8004 not found in process
[1129/201138.517:ERROR:scoped_process_suspend.cc(40)] NtResumeProcess: An attempt was made to access an exiting process. (0xc000010a)
[1129/201442.984:ERROR:process_info.cc(329)] VirtualQueryEx: Access is denied. (0x5)
[1129/201442.986:ERROR:process_info.cc(556)] ReadMemoryInfo failed
[1129/201442.987:ERROR:scoped_process_suspend.cc(40)] NtResumeProcess: An attempt was made to access an exiting process. (0xc000010a)
[1129/201711.075:ERROR:process_reader_win.cc(151)] SuspendThread: Access is denied. (0x5)
[1129/201711.076:ERROR:process_reader_win.cc(151)] SuspendThread: Access is denied. (0x5)
[1129/201711.076:ERROR:process_reader_win.cc(151)] SuspendThread: Access is denied. (0x5)
[1129/201711.076:ERROR:process_reader_win.cc(151)] SuspendThread: Access is denied. (0x5)
[1129/201711.076:ERROR:process_reader_win.cc(151)] SuspendThread: Access is denied. (0x5)
[1129/201711.076:ERROR:process_reader_win.cc(151)] SuspendThread: Access is denied. (0x5)
[1129/201711.076:ERROR:process_reader_win.cc(151)] SuspendThread: Access is denied. (0x5)
[1129/201711.076:ERROR:process_reader_win.cc(123)] NtOpenThread: {Access Denied} A process has requested access to an object, but has not been granted those access rights. (0xc0000022)
[1129/201711.076:ERROR:exception_snapshot_win.cc(99)] thread ID 26352 not found in process
[1202/085204.039:ERROR:process_reader_win.cc(151)] SuspendThread: Access is denied. (0x5)
[1202/085204.052:ERROR:process_reader_win.cc(151)] SuspendThread: Access is denied. (0x5)
[1202/085204.063:ERROR:process_reader_win.cc(151)] SuspendThread: Access is denied. (0x5)
[1202/085204.063:ERROR:process_reader_win.cc(123)] NtOpenThread: {Access Denied} A process has requested access to an object, but has not been granted those access rights. (0xc0000022)
[1202/085204.064:ERROR:exception_snapshot_win.cc(99)] thread ID 10456 not found in process
[1202/085204.063:ERROR:process_reader_win.cc(151)] SuspendThread: Access is denied. (0x5)
[1202/085204.066:ERROR:process_reader_win.cc(151)] SuspendThread: Access is denied. (0x5)
[1202/085204.066:ERROR:process_reader_win.cc(151)] SuspendThread: Access is denied. (0x5)
[1202/085204.066:ERROR:process_reader_win.cc(123)] NtOpenThread: {Access Denied} A process has requested access to an object, but has not been granted those access rights. (0xc0000022)
[1202/085204.066:ERROR:exception_snapshot_win.cc(99)] thread ID 9932 not found in process
[1202/090313.929:ERROR:directory_reader_win.cc(43)] FindFirstFile: The system cannot find the path specified. (0x3)
[1202/092017.524:ERROR:directory_reader_win.cc(43)] FindFirstFile: The system cannot find the path specified. (0x3)
[1202/101008.410:ERROR:directory_reader_win.cc(43)] FindFirstFile: The system cannot find the path specified. (0x3)
[1202/102658.032:ERROR:directory_reader_win.cc(43)] FindFirstFile: The system cannot find the path specified. (0x3)
[1202/104653.927:ERROR:directory_reader_win.cc(43)] FindFirstFile: The system cannot find the path specified. (0x3)
[1202/110150.021:ERROR:directory_reader_win.cc(43)] FindFirstFile: The system cannot find the path specified. (0x3)
[1202/111554.033:ERROR:directory_reader_win.cc(43)] FindFirstFile: The system cannot find the path specified. (0x3)
[1202/112930.382:ERROR:directory_reader_win.cc(43)] FindFirstFile: The system cannot find the path specified. (0x3)
[1202/114726.893:ERROR:directory_reader_win.cc(43)] FindFirstFile: The system cannot find the path specified. (0x3)
[1202/121107.813:ERROR:directory_reader_win.cc(43)] FindFirstFile: The system cannot find the path specified. (0x3)
[1202/122610.408:ERROR:process_reader_win.cc(151)] SuspendThread: Access is denied. (0x5)
[1202/122610.409:ERROR:process_reader_win.cc(151)] SuspendThread: Access is denied. (0x5)
[1202/122610.409:ERROR:process_reader_win.cc(151)] SuspendThread: Access is denied. (0x5)
[1202/122610.409:ERROR:exception_snapshot_win.cc(99)] thread ID 15496 not found in process
[1202/123512.060:ERROR:directory_reader_win.cc(43)] FindFirstFile: The system cannot find the path specified. (0x3)
[1202/131810.520:ERROR:directory_reader_win.cc(43)] FindFirstFile: The system cannot find the path specified. (0x3)
[1202/133027.750:ERROR:directory_reader_win.cc(43)] FindFirstFile: The system cannot find the path specified. (0x3)
[1202/134117.639:ERROR:directory_reader_win.cc(43)] FindFirstFile: The system cannot find the path specified. (0x3)
[1202/135310.651:ERROR:directory_reader_win.cc(43)] FindFirstFile: The system cannot find the path specified. (0x3)
[1202/140619.513:ERROR:directory_reader_win.cc(43)] FindFirstFile: The system cannot find the path specified. (0x3)
[1202/141758.391:ERROR:directory_reader_win.cc(43)] FindFirstFile: The system cannot find the path specified. (0x3)
[1202/142837.414:ERROR:directory_reader_win.cc(43)] FindFirstFile: The system cannot find the path specified. (0x3)
[1202/144423.932:ERROR:directory_reader_win.cc(43)] FindFirstFile: The system cannot find the path specified. (0x3)
[1202/145559.031:ERROR:directory_reader_win.cc(43)] FindFirstFile: The system cannot find the path specified. (0x3)
